\BOOKMARK [0][-]{chapter.1}{\376\377\000B\000e\000s\000c\000h\000r\000e\000i\000b\000u\000n\000g\000\040\000d\000e\000r\000\040\000F\000o\000r\000m\000a\000t\000i\000e\000r\000u\000n\000g}{}% 1
\BOOKMARK [1][-]{section.1.1}{\376\377\000V\000o\000r\000l\000a\000g\000e\000n}{chapter.1}% 2
\BOOKMARK [2][-]{subsection.1.1.1}{\376\377\000F\000o\000r\000m\000a\000t\000v\000o\000r\000l\000a\000g\000e\000n}{section.1.1}% 3
\BOOKMARK [2][-]{subsection.1.1.2}{\376\377\000S\000c\000h\000r\000i\000f\000t\000e\000n\000\040\000u\000n\000d\000\040\000A\000b\000s\000\344\000t\000z\000e}{section.1.1}% 4
\BOOKMARK [2][-]{subsection.1.1.3}{\376\377\000B\000i\000l\000d\000e\000r}{section.1.1}% 5
\BOOKMARK [2][-]{subsection.1.1.4}{\376\377\000T\000a\000b\000e\000l\000l\000e\000n}{section.1.1}% 6
\BOOKMARK [2][-]{subsection.1.1.5}{\376\377\000F\000o\000r\000m\000e\000l}{section.1.1}% 7
\BOOKMARK [2][-]{subsection.1.1.6}{\376\377\000S\000o\000u\000r\000c\000e\000c\000o\000d\000e}{section.1.1}% 8
\BOOKMARK [2][-]{subsection.1.1.7}{\376\377\000F\000a\000c\000h\000b\000e\000g\000r\000i\000f\000f\000e}{section.1.1}% 9
\BOOKMARK [2][-]{subsection.1.1.8}{\376\377\000Z\000i\000t\000i\000e\000r\000e\000n}{section.1.1}% 10
\BOOKMARK [1][-]{section.1.2}{\376\377\000B\000a\000d\000\040\000P\000r\000a\000c\000t\000i\000c\000e}{chapter.1}% 11
\BOOKMARK [1][-]{section.1.3}{\376\377\000D\000e\000t\000a\000i\000l\000s\000\040\000z\000u\000\040\000F\000o\000r\000m\000a\000t\000i\000e\000r\000u\000n\000g}{chapter.1}% 12
\BOOKMARK [2][-]{subsection.1.3.1}{\376\377\000S\000c\000h\000r\000i\000f\000t\000a\000r\000t\000e\000n}{section.1.3}% 13
\BOOKMARK [1][-]{section.1.4}{\376\377\000B\000e\000i\000s\000p\000i\000e\000l\000e}{chapter.1}% 14
\BOOKMARK [2][-]{subsection.1.4.1}{\376\377\000Z\000i\000t\000i\000e\000r\000e\000n\000\040\000m\000i\000t\000\040\000L\000a\000t\000e\000x}{section.1.4}% 15
\BOOKMARK [2][-]{subsection.1.4.2}{\376\377\000F\000o\000r\000m\000a\000t\000i\000e\000r\000u\000n\000g\000e\000n}{section.1.4}% 16
\BOOKMARK [2][-]{subsection.1.4.3}{\376\377\000F\000\374\000l\000l\000t\000e\000x\000t}{section.1.4}% 17
\BOOKMARK [0][-]{chapter.2}{\376\377\000P\000l\000a\000n\000u\000n\000g}{}% 18
\BOOKMARK [1][-]{section.2.1}{\376\377\000K\000a\000p\000i\000t\000e\000l\000\040\000a\000u\000s\000\040\000d\000e\000r\000\040\000a\000n\000d\000e\000r\000e\000n\000\040\000D\000a\000t\000e\000i}{chapter.2}% 19
\BOOKMARK [0][-]{chapter.3}{\376\377\000U\000m\000s\000e\000t\000z\000u\000n\000g}{}% 20
\BOOKMARK [0][-]{chapter.4}{\376\377\000E\000r\000g\000e\000b\000n\000i\000s\000s\000e}{}% 21
\BOOKMARK [0][-]{chapter.5}{\376\377\000E\000v\000a\000l\000u\000a\000t\000i\000o\000n}{}% 22
\BOOKMARK [0][-]{chapter.6}{\376\377\000\334\000b\000e\000r\000s\000c\000h\000r\000i\000f\000t\000\040\000a\000u\000f\000\040\000E\000b\000e\000n\000e\000\040\0000\000\040\000\050\000c\000h\000a\000p\000t\000e\000r\000\051}{}% 23
\BOOKMARK [1][-]{section.6.1}{\376\377\000\334\000b\000e\000r\000s\000c\000h\000r\000i\000f\000t\000\040\000a\000u\000f\000\040\000E\000b\000e\000n\000e\000\040\0001\000\040\000\050\000s\000e\000c\000t\000i\000o\000n\000\051}{chapter.6}% 24
\BOOKMARK [2][-]{subsection.6.1.1}{\376\377\000\334\000b\000e\000r\000s\000c\000h\000r\000i\000f\000t\000\040\000a\000u\000f\000\040\000E\000b\000e\000n\000e\000\040\0002\000\040\000\050\000s\000u\000b\000s\000e\000c\000t\000i\000o\000n\000\051}{section.6.1}% 25
\BOOKMARK [1][-]{section.6.2}{\376\377\000L\000i\000s\000t\000e\000n}{chapter.6}% 26
\BOOKMARK [2][-]{subsection.6.2.1}{\376\377\000B\000e\000i\000s\000p\000i\000e\000l\000\040\000e\000i\000n\000e\000r\000\040\000L\000i\000s\000t\000e\000\040\000\050\000i\000t\000e\000m\000i\000z\000e\000\051}{section.6.2}% 27
\BOOKMARK [2][-]{subsection.6.2.2}{\376\377\000B\000e\000i\000s\000p\000i\000e\000l\000\040\000e\000i\000n\000e\000r\000\040\000L\000i\000s\000t\000e\000\040\000\050\000e\000n\000u\000m\000e\000r\000a\000t\000e\000\051}{section.6.2}% 28
\BOOKMARK [2][-]{subsection.6.2.3}{\376\377\000B\000e\000i\000s\000p\000i\000e\000l\000\040\000e\000i\000n\000e\000r\000\040\000L\000i\000s\000t\000e\000\040\000\050\000d\000e\000s\000c\000r\000i\000p\000t\000i\000o\000n\000\051}{section.6.2}% 29
\BOOKMARK [0][-]{chapter.7}{\376\377\000\334\000b\000e\000r\000s\000c\000h\000r\000i\000f\000t\000\040\000a\000u\000f\000\040\000E\000b\000e\000n\000e\000\040\0000\000\040\000\050\000c\000h\000a\000p\000t\000e\000r\000\051}{}% 30
\BOOKMARK [1][-]{section.7.1}{\376\377\000\334\000b\000e\000r\000s\000c\000h\000r\000i\000f\000t\000\040\000a\000u\000f\000\040\000E\000b\000e\000n\000e\000\040\0001\000\040\000\050\000s\000e\000c\000t\000i\000o\000n\000\051}{chapter.7}% 31
\BOOKMARK [2][-]{subsection.7.1.1}{\376\377\000\334\000b\000e\000r\000s\000c\000h\000r\000i\000f\000t\000\040\000a\000u\000f\000\040\000E\000b\000e\000n\000e\000\040\0002\000\040\000\050\000s\000u\000b\000s\000e\000c\000t\000i\000o\000n\000\051}{section.7.1}% 32
\BOOKMARK [1][-]{section.7.2}{\376\377\000L\000i\000s\000t\000e\000n}{chapter.7}% 33
\BOOKMARK [2][-]{subsection.7.2.1}{\376\377\000B\000e\000i\000s\000p\000i\000e\000l\000\040\000e\000i\000n\000e\000r\000\040\000L\000i\000s\000t\000e\000\040\000\050\000i\000t\000e\000m\000i\000z\000e\000\051}{section.7.2}% 34
\BOOKMARK [2][-]{subsection.7.2.2}{\376\377\000B\000e\000i\000s\000p\000i\000e\000l\000\040\000e\000i\000n\000e\000r\000\040\000L\000i\000s\000t\000e\000\040\000\050\000e\000n\000u\000m\000e\000r\000a\000t\000e\000\051}{section.7.2}% 35
\BOOKMARK [2][-]{subsection.7.2.3}{\376\377\000B\000e\000i\000s\000p\000i\000e\000l\000\040\000e\000i\000n\000e\000r\000\040\000L\000i\000s\000t\000e\000\040\000\050\000d\000e\000s\000c\000r\000i\000p\000t\000i\000o\000n\000\051}{section.7.2}% 36
\BOOKMARK [0][-]{chapter.8}{\376\377\000\334\000b\000e\000r\000s\000c\000h\000r\000i\000f\000t\000\040\000a\000u\000f\000\040\000E\000b\000e\000n\000e\000\040\0000\000\040\000\050\000c\000h\000a\000p\000t\000e\000r\000\051}{}% 37
\BOOKMARK [1][-]{section.8.1}{\376\377\000\334\000b\000e\000r\000s\000c\000h\000r\000i\000f\000t\000\040\000a\000u\000f\000\040\000E\000b\000e\000n\000e\000\040\0001\000\040\000\050\000s\000e\000c\000t\000i\000o\000n\000\051}{chapter.8}% 38
\BOOKMARK [2][-]{subsection.8.1.1}{\376\377\000\334\000b\000e\000r\000s\000c\000h\000r\000i\000f\000t\000\040\000a\000u\000f\000\040\000E\000b\000e\000n\000e\000\040\0002\000\040\000\050\000s\000u\000b\000s\000e\000c\000t\000i\000o\000n\000\051}{section.8.1}% 39
\BOOKMARK [1][-]{section.8.2}{\376\377\000L\000i\000s\000t\000e\000n}{chapter.8}% 40
\BOOKMARK [2][-]{subsection.8.2.1}{\376\377\000B\000e\000i\000s\000p\000i\000e\000l\000\040\000e\000i\000n\000e\000r\000\040\000L\000i\000s\000t\000e\000\040\000\050\000i\000t\000e\000m\000i\000z\000e\000\051}{section.8.2}% 41
\BOOKMARK [2][-]{subsection.8.2.2}{\376\377\000B\000e\000i\000s\000p\000i\000e\000l\000\040\000e\000i\000n\000e\000r\000\040\000L\000i\000s\000t\000e\000\040\000\050\000e\000n\000u\000m\000e\000r\000a\000t\000e\000\051}{section.8.2}% 42
\BOOKMARK [2][-]{subsection.8.2.3}{\376\377\000B\000e\000i\000s\000p\000i\000e\000l\000\040\000e\000i\000n\000e\000r\000\040\000L\000i\000s\000t\000e\000\040\000\050\000d\000e\000s\000c\000r\000i\000p\000t\000i\000o\000n\000\051}{section.8.2}% 43
\BOOKMARK [0][-]{chapter.9}{\376\377\000\334\000b\000e\000r\000s\000c\000h\000r\000i\000f\000t\000\040\000a\000u\000f\000\040\000E\000b\000e\000n\000e\000\040\0000\000\040\000\050\000c\000h\000a\000p\000t\000e\000r\000\051}{}% 44
\BOOKMARK [1][-]{section.9.1}{\376\377\000\334\000b\000e\000r\000s\000c\000h\000r\000i\000f\000t\000\040\000a\000u\000f\000\040\000E\000b\000e\000n\000e\000\040\0001\000\040\000\050\000s\000e\000c\000t\000i\000o\000n\000\051}{chapter.9}% 45
\BOOKMARK [2][-]{subsection.9.1.1}{\376\377\000\334\000b\000e\000r\000s\000c\000h\000r\000i\000f\000t\000\040\000a\000u\000f\000\040\000E\000b\000e\000n\000e\000\040\0002\000\040\000\050\000s\000u\000b\000s\000e\000c\000t\000i\000o\000n\000\051}{section.9.1}% 46
\BOOKMARK [1][-]{section.9.2}{\376\377\000L\000i\000s\000t\000e\000n}{chapter.9}% 47
\BOOKMARK [2][-]{subsection.9.2.1}{\376\377\000B\000e\000i\000s\000p\000i\000e\000l\000\040\000e\000i\000n\000e\000r\000\040\000L\000i\000s\000t\000e\000\040\000\050\000i\000t\000e\000m\000i\000z\000e\000\051}{section.9.2}% 48
\BOOKMARK [2][-]{subsection.9.2.2}{\376\377\000B\000e\000i\000s\000p\000i\000e\000l\000\040\000e\000i\000n\000e\000r\000\040\000L\000i\000s\000t\000e\000\040\000\050\000e\000n\000u\000m\000e\000r\000a\000t\000e\000\051}{section.9.2}% 49
\BOOKMARK [2][-]{subsection.9.2.3}{\376\377\000B\000e\000i\000s\000p\000i\000e\000l\000\040\000e\000i\000n\000e\000r\000\040\000L\000i\000s\000t\000e\000\040\000\050\000d\000e\000s\000c\000r\000i\000p\000t\000i\000o\000n\000\051}{section.9.2}% 50
\BOOKMARK [0][-]{appendix.A}{\376\377\000A\000n\000h\000a\000n\000g\000\040\0001}{}% 51
